# JRE version: Java(TM) SE Runtime Environment (8.0_161-b12) (build 1.8.0_161-b12)
# Java VM: Java HotSpot(TM) Server VM (25.161-b12 mixed mode linux-x86 )
Heap:
 PSYoungGen      total 35840K, used 2552K [0x91ec0000, 0x94440000, 0xa7000000)
  eden space 33280K, 0% used [0x91ec0000,0x91ec0000,0x93f40000)
  from space 2560K, 99% used [0x93f40000,0x941be050,0x941c0000)
  to   space 2560K, 0% used [0x941c0000,0x941c0000,0x94440000)
 ParOldGen       total 57344K, used 57309K [0x67c00000, 0x6b400000, 0x91ec0000)
  object space 57344K, 99% used [0x67c00000,0x6b3f7560,0x6b400000)
 Metaspace       used 1773K, capacity 2240K, committed 2328K, reserved 4400K
GC Heap History (5 events):
Event: 0,521 GC heap before
{Heap before GC invocations=1 (full 0):
 PSYoungGen      total 19200K, used 16640K [0x91ec0000, 0x93400000, 0xa7000000)
  eden space 16640K, 100% used [0x91ec0000,0x92f00000,0x92f00000)
  from space 2560K, 0% used [0x93180000,0x93180000,0x93400000)
  to   space 2560K, 0% used [0x92f00000,0x92f00000,0x93180000)
 ParOldGen       total 43776K, used 0K [0x67c00000, 0x6a6c0000, 0x91ec0000)
  object space 43776K, 0% used [0x67c00000,0x67c00000,0x6a6c0000)
 Metaspace       used 1773K, capacity 2240K, committed 2328K, reserved 4400K
Event: 0,688 GC heap after
Heap after GC invocations=1 (full 0):
 PSYoungGen      total 19200K, used 2545K [0x91ec0000, 0x94440000, 0xa7000000)
  eden space 16640K, 0% used [0x91ec0000,0x91ec0000,0x92f00000)
  from space 2560K, 99% used [0x92f00000,0x9317c550,0x93180000)
  to   space 2560K, 0% used [0x941c0000,0x941c0000,0x94440000)
 ParOldGen       total 43776K, used 12056K [0x67c00000, 0x6a6c0000, 0x91ec0000)
  object space 43776K, 27% used [0x67c00000,0x687c6000,0x6a6c0000)
 Metaspace       used 1773K, capacity 2240K, committed 2328K, reserved 4400K
}
Event: 0,729 GC heap before
{Heap before GC invocations=2 (full 0):
 PSYoungGen      total 19200K, used 19185K [0x91ec0000, 0x94440000, 0xa7000000)
  eden space 16640K, 100% used [0x91ec0000,0x92f00000,0x92f00000)
  from space 2560K, 99% used [0x92f00000,0x9317c550,0x93180000)
  to   space 2560K, 0% used [0x941c0000,0x941c0000,0x94440000)
 ParOldGen       total 43776K, used 12056K [0x67c00000, 0x6a6c0000, 0x91ec0000)
  object space 43776K, 27% used [0x67c00000,0x687c6000,0x6a6c0000)
 Metaspace       used 1773K, capacity 2240K, committed 2328K, reserved 4400K
Event: 1,054 GC heap after
Heap after GC invocations=2 (full 0):
 PSYoungGen      total 35840K, used 2550K [0x91ec0000, 0x94440000, 0xa7000000)
  eden space 33280K, 0% used [0x91ec0000,0x91ec0000,0x93f40000)
  from space 2560K, 99% used [0x941c0000,0x9443db80,0x94440000)
  to   space 2560K, 0% used [0x93f40000,0x93f40000,0x941c0000)
 ParOldGen       total 43776K, used 27276K [0x67c00000, 0x6a6c0000, 0x91ec0000)
  object space 43776K, 62% used [0x67c00000,0x696a3000,0x6a6c0000)
 Metaspace       used 1773K, capacity 2240K, committed 2328K, reserved 4400K
}
Event: 1,334 GC heap before
{Heap before GC invocations=3 (full 0):
 PSYoungGen      total 35840K, used 35830K [0x91ec0000, 0x94440000, 0xa7000000)
  eden space 33280K, 100% used [0x91ec0000,0x93f40000,0x93f40000)
  from space 2560K, 99% used [0x941c0000,0x9443db80,0x94440000)
  to   space 2560K, 0% used [0x93f40000,0x93f40000,0x941c0000)
 ParOldGen       total 43776K, used 27276K [0x67c00000, 0x6a6c0000, 0x91ec0000)
  object space 43776K, 62% used [0x67c00000,0x696a3000,0x6a6c0000)
 Metaspace       used 1773K, capacity 2240K, committed 2328K, reserved 4400K

